Received update_location: {"userId":"6925a711b24faa6d8d02331f","lat":28.655616,"lng":77.1883008}
User updated: { type: 'Point', coordinates: [ 77.1883008, 28.655616 ] }
Received update_location: {"userId":"6925a711b24faa6d8d02331f","lat":28.655616,"lng":77.1883008}
User updated: { type: 'Point', coordinates: [ 77.1883008, 28.655616 ] }
Received update_location: {"userId":"6925a711b24faa6d8d02331f","lat":28.655616,"lng":77.1883008}
User updated: { type: 'Point', coordinates: [ 77.1883008, 28.655616 ] }
Received update_location: {"userId":"6925a711b24faa6d8d02331f","lat":28.655616,"lng":77.1883008}
User updated: { type: 'Point', coordinates: [ 77.1883008, 28.655616 ] }
Received update_location: {"userId":"6925a711b24faa6d8d02331f","lat":28.4761263,"lng":77.5114987}
User updated: { type: 'Point', coordinates: [ 77.5114987, 28.4761263 ] }
Received update_location: {"userId":"6925a711b24faa6d8d02331f","lat":28.4761263,"lng":77.5114987}
User updated: { type: 'Point', coordinates: [ 77.5114987, 28.4761263 ] }
Received update_location: {"userId":"6925a711b24faa6d8d02331f","lat":28.4761263,"lng":77.5114987}
User updated: { type: 'Point', coordinates: [ 77.5114987, 28.4761263 ] }
Received update_location: {"userId":"6925a711b24faa6d8d02331f","lat":28.4761263,"lng":77.5114987}
User updated: { type: 'Point', coordinates: [ 77.5114987, 28.4761263 ] }
Received update_location: {"userId":"6925a711b24faa6d8d02331f","lat":28.4761263,"lng":77.5114987}
User updated: { type: 'Point', coordinates: [ 77.5114987, 28.4761263 ] }
Received update_location: {"userId":"6925a711b24faa6d8d02331f","lat":28.4761263,"lng":77.5114987}
User updated: { type: 'Point', coordinates: [ 77.5114987, 28.4761263 ] }
Received update_location: {"userId":"6925a711b24faa6d8d02331f","lat":28.655616,"lng":77.1883008}
User updated: { type: 'Point', coordinates: [ 77.1883008, 28.655616 ] }
Received update_location: {"userId":"6925a711b24faa6d8d02331f","lat":28.4761263,"lng":77.5114987}
User updated: { type: 'Point', coordinates: [ 77.5114987, 28.4761263 ] }
Received update_location: {"userId":"6925a711b24faa6d8d02331f","lat":28.4761263,"lng":77.5114987}
User updated: { type: 'Point', coordinates: [ 77.5114987, 28.4761263 ] }
Received update_location: {"userId":"6925a711b24faa6d8d02331f","lat":28.655616,"lng":77.1883008}
User updated: { type: 'Point', coordinates: [ 77.1883008, 28.655616 ] }
Received update_location: {"userId":"6925a711b24faa6d8d02331f","lat":28.655616,"lng":77.1883008}
User updated: { type: 'Point', coordinates: [ 77.1883008, 28.655616 ] }
Received update_location: {"userId":"6925a711b24faa6d8d02331f","lat":28.655616,"lng":77.1883008}
User updated: { type: 'Point', coordinates: [ 77.1883008, 28.655616 ] }
Received update_location: {"userId":"6925a711b24faa6d8d02331f","lat":28.4761263,"lng":77.5114987}
User updated: { type: 'Point', coordinates: [ 77.5114987, 28.4761263 ] }
Received update_location: {"userId":"6925a711b24faa6d8d02331f","lat":28.4761263,"lng":77.5114987}
User updated: { type: 'Point', coordinates: [ 77.5114987, 28.4761263 ] }
Received update_location: {"userId":"6925a711b24faa6d8d02331f","lat":28.4761263,"lng":77.5114987}
User updated: { type: 'Point', coordinates: [ 77.5114987, 28.4761263 ] }
Received update_location: {"userId":"6925a711b24faa6d8d02331f","lat":28.655616,"lng":77.1883008}
User updated: { type: 'Point', coordinates: [ 77.1883008, 28.655616 ] }
Received update_location: {"userId":"6925a711b24faa6d8d02331f","lat":28.4761263,"lng":77.5114987}
User updated: { type: 'Point', coordinates: [ 77.5114987, 28.4761263 ] }
Received update_location: {"userId":"6925a711b24faa6d8d02331f","lat":28.4761263,"lng":77.5114987}
User updated: { type: 'Point', coordinates: [ 77.5114987, 28.4761263 ] }
Received update_location: {"userId":"6925a711b24faa6d8d02331f","lat":28.655616,"lng":77.1883008}
User updated: { type: 'Point', coordinates: [ 77.1883008, 28.655616 ] }
Received update_location: {"userId":"6925a711b24faa6d8d02331f","lat":28.655616,"lng":77.1883008}
Received update_location: {"userId":"6925a711b24faa6d8d02331f","lat":28.655616,"lng":77.1883008}
Received update_location: {"userId":"6925a711b24faa6d8d02331f","lat":28.655616,"lng":77.1883008}
User updated: { type: 'Point', coordinates: [ 77.1883008, 28.655616 ] }
User updated: { type: 'Point', coordinates: [ 77.1883008, 28.655616 ] }
User updated: { type: 'Point', coordinates: [ 77.1883008, 28.655616 ] }
Received update_location: {"userId":"6925a711b24faa6d8d02331f","lat":28.655616,"lng":77.1883008}
User updated: { type: 'Point', coordinates: [ 77.1883008, 28.655616 ] }
Received update_location: {"userId":"6925a711b24faa6d8d02331f","lat":28.655616,"lng":77.1883008}
User updated: { type: 'Point', coordinates: [ 77.1883008, 28.655616 ] }
Received update_location: {"userId":"6925a711b24faa6d8d02331f","lat":28.655616,"lng":77.1883008}
User updated: { type: 'Point', coordinates: [ 77.1883008, 28.655616 ] }
Received update_location: {"userId":"6925a711b24faa6d8d02331f","lat":28.655616,"lng":77.1883008}
User updated: { type: 'Point', coordinates: [ 77.1883008, 28.655616 ] }
Received update_location: {"userId":"6925a711b24faa6d8d02331f","lat":28.655616,"lng":77.1883008}
User updated: { type: 'Point', coordinates: [ 77.1883008, 28.655616 ] }
Received update_location: {"userId":"6925a711b24faa6d8d02331f","lat":28.655616,"lng":77.1883008}
User updated: { type: 'Point', coordinates: [ 77.1883008, 28.655616 ] }
Received update_location: {"userId":"6925a711b24faa6d8d02331f","lat":28.655616,"lng":77.1883008}
User updated: { type: 'Point', coordinates: [ 77.1883008, 28.655616 ] }
Received update_location: {"userId":"6925a711b24faa6d8d02331f","lat":28.655616,"lng":77.1883008}
User updated: { type: 'Point', coordinates: [ 77.1883008, 28.655616 ] }
Received update_location: {"userId":"6925a711b24faa6d8d02331f","lat":28.655616,"lng":77.1883008}
User updated: { type: 'Point', coordinates: [ 77.1883008, 28.655616 ] }
Received update_location: {"userId":"6925a711b24faa6d8d02331f","lat":28.655616,"lng":77.1883008}
User updated: { type: 'Point', coordinates: [ 77.1883008, 28.655616 ] }
Received update_location: {"userId":"6925a711b24faa6d8d02331f","lat":28.655616,"lng":77.1883008}
User updated: { type: 'Point', coordinates: [ 77.1883008, 28.655616 ] }
Received update_location: {"userId":"6925a711b24faa6d8d02331f","lat":28.655616,"lng":77.1883008}
User updated: { type: 'Point', coordinates: [ 77.1883008, 28.655616 ] }
Received update_location: {"userId":"6925a711b24faa6d8d02331f","lat":28.655616,"lng":77.1883008}
User updated: { type: 'Point', coordinates: [ 77.1883008, 28.655616 ] }
Received update_location: {"userId":"6925a711b24faa6d8d02331f","lat":28.655616,"lng":77.1883008}
User updated: { type: 'Point', coordinates: [ 77.1883008, 28.655616 ] }
Received update_location: {"userId":"6925a711b24faa6d8d02331f","lat":28.655616,"lng":77.1883008}
User updated: { type: 'Point', coordinates: [ 77.1883008, 28.655616 ] }
Received update_location: {"userId":"6925a711b24faa6d8d02331f","lat":28.655616,"lng":77.1883008}
User updated: { type: 'Point', coordinates: [ 77.1883008, 28.655616 ] }
Received update_location: {"userId":"6925a711b24faa6d8d02331f","lat":28.655616,"lng":77.1883008}
User updated: { type: 'Point', coordinates: [ 77.1883008, 28.655616 ] }
Received update_location: {"userId":"6925a711b24faa6d8d02331f","lat":28.655616,"lng":77.1883008}
User updated: { type: 'Point', coordinates: [ 77.1883008, 28.655616 ] }
Received update_location: {"userId":"6925a711b24faa6d8d02331f","lat":28.655616,"lng":77.1883008}
User updated: { type: 'Point', coordinates: [ 77.1883008, 28.655616 ] }
Emitting to donor 6925a711b24faa6d8d02331f
Received update_location: {"userId":"6925a711b24faa6d8d02331f","lat":28.655616,"lng":77.1883008}
User updated: { type: 'Point', coordinates: [ 77.1883008, 28.655616 ] }
Received update_location: {"userId":"6925a711b24faa6d8d02331f","lat":28.655616,"lng":77.1883008}
User updated: { type: 'Point', coordinates: [ 77.1883008, 28.655616 ] }
Received update_location: {"userId":"6925a711b24faa6d8d02331f","lat":28.655616,"lng":77.1883008}
User updated: { type: 'Point', coordinates: [ 77.1883008, 28.655616 ] }
Received update_location: {"userId":"6925a711b24faa6d8d02331f","lat":28.655616,"lng":77.1883008}
User updated: { type: 'Point', coordinates: [ 77.1883008, 28.655616 ] }
Received update_location: {"userId":"6925a711b24faa6d8d02331f","lat":28.4761337,"lng":77.511501}
User updated: { type: 'Point', coordinates: [ 77.511501, 28.4761337 ] }
Received update_location: {"userId":"6925a711b24faa6d8d02331f","lat":28.4761337,"lng":77.511501}
User updated: { type: 'Point', coordinates: [ 77.511501, 28.4761337 ] }
Received update_location: {"userId":"6925a711b24faa6d8d02331f","lat":28.4761337,"lng":77.511501}
User updated: { type: 'Point', coordinates: [ 77.511501, 28.4761337 ] }
Received update_location: {"userId":"6925a711b24faa6d8d02331f","lat":28.4761337,"lng":77.511501}
User updated: { type: 'Point', coordinates: [ 77.511501, 28.4761337 ] }
Received update_location: {"userId":"6925a711b24faa6d8d02331f","lat":28.4761337,"lng":77.511501}
User updated: { type: 'Point', coordinates: [ 77.511501, 28.4761337 ] }
Received update_location: {"userId":"6925a711b24faa6d8d02331f","lat":28.4761337,"lng":77.511501}
User updated: { type: 'Point', coordinates: [ 77.511501, 28.4761337 ] }
Received update_location: {"userId":"6925a711b24faa6d8d02331f","lat":28.4761337,"lng":77.511501}
User updated: { type: 'Point', coordinates: [ 77.511501, 28.4761337 ] }
Received update_location: {"userId":"6925b936975c8d734dc0e87e","lat":28.4761337,"lng":77.511501}
User updated: { type: 'Point', coordinates: [ 77.511501, 28.4761337 ] }
Received update_location: {"userId":"6925fc7f342c25f3207cbb59","lat":28.4761337,"lng":77.511501}
User updated: { type: 'Point', coordinates: [ 77.511501, 28.4761337 ] }
Received update_location: {"userId":"6925fc7f342c25f3207cbb59","lat":28.4761337,"lng":77.511501}
User updated: { type: 'Point', coordinates: [ 77.511501, 28.4761337 ] }
Received update_location: {"userId":"6925fc7f342c25f3207cbb59","lat":28.4761337,"lng":77.511501}
User updated: { type: 'Point', coordinates: [ 77.511501, 28.4761337 ] }
Received update_location: {"userId":"6925fc7f342c25f3207cbb59","lat":28.4761369,"lng":77.5114997}
User updated: { type: 'Point', coordinates: [ 77.5114997, 28.4761369 ] }
Received update_location: {"userId":"6925fc7f342c25f3207cbb59","lat":28.4761369,"lng":77.5114997}
User updated: { type: 'Point', coordinates: [ 77.5114997, 28.4761369 ] }
Received update_location: {"userId":"6925fc7f342c25f3207cbb59","lat":28.4761369,"lng":77.5114997}
User updated: { type: 'Point', coordinates: [ 77.5114997, 28.4761369 ] }
Received update_location: {"userId":"6925fc7f342c25f3207cbb59","lat":28.4761369,"lng":77.5114997}
User updated: { type: 'Point', coordinates: [ 77.5114997, 28.4761369 ] }
Received update_location: {"userId":"6925fc7f342c25f3207cbb59","lat":28.4761369,"lng":77.5114997}
User updated: { type: 'Point', coordinates: [ 77.5114997, 28.4761369 ] }
Received update_location: {"userId":"6925fc7f342c25f3207cbb59","lat":28.4761369,"lng":77.5114997}
User updated: { type: 'Point', coordinates: [ 77.5114997, 28.4761369 ] }
Received update_location: {"userId":"6925fc7f342c25f3207cbb59","lat":28.4761369,"lng":77.5114997}
User updated: { type: 'Point', coordinates: [ 77.5114997, 28.4761369 ] }
Received update_location: {"userId":"6925f37ac8bbec9ad6269733","lat":28.476226379765855,"lng":77.51127572383028}
User updated: {
  type: 'Point',
  coordinates: [ 77.51127572383028, 28.476226379765855 ]
}
Received update_location: {"userId":"6925f37ac8bbec9ad6269733","lat":28.476226379765855,"lng":77.51127572383028}
User updated: {
  type: 'Point',
  coordinates: [ 77.51127572383028, 28.476226379765855 ]
}
Received update_location: {"userId":"6925f37ac8bbec9ad6269733","lat":28.476226379765855,"lng":77.51127572383028}
User updated: {
  type: 'Point',
  coordinates: [ 77.51127572383028, 28.476226379765855 ]
}
Received update_location: {"userId":"6925f37ac8bbec9ad6269733","lat":28.47625515362756,"lng":77.51127122815615}
User updated: {
  type: 'Point',
  coordinates: [ 77.51127122815615, 28.47625515362756 ]
}
Received update_location: {"userId":"6925f37ac8bbec9ad6269733","lat":28.476262072165298,"lng":77.51125735997374}
User updated: {
  type: 'Point',
  coordinates: [ 77.51125735997374, 28.476262072165298 ]
}
Received update_location: {"userId":"6925f37ac8bbec9ad6269733","lat":28.476262072165298,"lng":77.51125735997374}
User updated: {
  type: 'Point',
  coordinates: [ 77.51125735997374, 28.476262072165298 ]
}
Received update_location: {"userId":"6925f37ac8bbec9ad6269733","lat":28.476262072165298,"lng":77.51125735997374}
User updated: {
  type: 'Point',
  coordinates: [ 77.51125735997374, 28.476262072165298 ]
}
Received update_location: {"userId":"6925f37ac8bbec9ad6269733","lat":28.47641470597621,"lng":77.51134924212225}
User updated: {
  type: 'Point',
  coordinates: [ 77.51134924212225, 28.47641470597621 ]
}
Received update_location: {"userId":"6925f37ac8bbec9ad6269733","lat":28.476398980329602,"lng":77.51132280002778}
User updated: {
  type: 'Point',
  coordinates: [ 77.51132280002778, 28.476398980329602 ]
}
Received update_location: {"userId":"6925f37ac8bbec9ad6269733","lat":28.47636728512091,"lng":77.51127599238225}
User updated: {
  type: 'Point',
  coordinates: [ 77.51127599238225, 28.47636728512091 ]
}
Received update_location: {"userId":"6925f37ac8bbec9ad6269733","lat":28.4762399964535,"lng":77.51125743689171}
User updated: { type: 'Point', coordinates: [ 77.51125743689171, 28.4762399964535 ] }
Received update_location: {"userId":"6925f37ac8bbec9ad6269733","lat":28.4762399964535,"lng":77.51125743689171}
User updated: { type: 'Point', coordinates: [ 77.51125743689171, 28.4762399964535 ] }
Received update_location: {"userId":"6925f37ac8bbec9ad6269733","lat":28.4762399964535,"lng":77.51125743689171}
User updated: { type: 'Point', coordinates: [ 77.51125743689171, 28.4762399964535 ] }
Received update_location: {"userId":"6925f37ac8bbec9ad6269733","lat":28.4762399964535,"lng":77.51125743689171}
User updated: { type: 'Point', coordinates: [ 77.51125743689171, 28.4762399964535 ] }
Received update_location: {"userId":"6925f37ac8bbec9ad6269733","lat":28.47625720310386,"lng":77.51125604113525}
User updated: {
  type: 'Point',
  coordinates: [ 77.51125604113525, 28.47625720310386 ]
}
Received update_location: {"userId":"6925a711b24faa6d8d02331f","lat":28.655616,"lng":77.1883008}
User updated: { type: 'Point', coordinates: [ 77.1883008, 28.655616 ] }
Received update_location: {"userId":"6925a711b24faa6d8d02331f","lat":28.655616,"lng":77.1883008}
User updated: { type: 'Point', coordinates: [ 77.1883008, 28.655616 ] }
Received update_location: {"userId":"6925a711b24faa6d8d02331f","lat":28.655616,"lng":77.1883008}
User updated: { type: 'Point', coordinates: [ 77.1883008, 28.655616 ] }
Emitting to donor 6925a711b24faa6d8d02331f
Received update_location: {"userId":"6925a711b24faa6d8d02331f","lat":28.47626313676735,"lng":77.51123374823851}
User updated: {
  type: 'Point',
  coordinates: [ 77.51123374823851, 28.47626313676735 ]
}
Received update_location: {"userId":"6925a711b24faa6d8d02331f","lat":28.476250246567023,"lng":77.51120845785411}
User updated: {
  type: 'Point',
  coordinates: [ 77.51120845785411, 28.476250246567023 ]
}
Received update_location: {"userId":"6925a711b24faa6d8d02331f","lat":28.476250246567023,"lng":77.51120845785411}
User updated: {
  type: 'Point',
  coordinates: [ 77.51120845785411, 28.476250246567023 ]
}
Received update_location: {"userId":"6925a711b24faa6d8d02331f","lat":28.476250246567023,"lng":77.51120845785411}
User updated: {
  type: 'Point',
  coordinates: [ 77.51120845785411, 28.476250246567023 ]
}
Received update_location: {"userId":"6925a711b24faa6d8d02331f","lat":28.4762303258505,"lng":77.51120098179838}
User updated: { type: 'Point', coordinates: [ 77.51120098179838, 28.4762303258505 ] }
Received update_location: {"userId":"6925a711b24faa6d8d02331f","lat":28.655616,"lng":77.1883008}
User updated: { type: 'Point', coordinates: [ 77.1883008, 28.655616 ] }
Received update_location: {"userId":"6925a711b24faa6d8d02331f","lat":28.655616,"lng":77.1883008}
User updated: { type: 'Point', coordinates: [ 77.1883008, 28.655616 ] }
Received update_location: {"userId":"6925a711b24faa6d8d02331f","lat":28.655616,"lng":77.1883008}
User updated: { type: 'Point', coordinates: [ 77.1883008, 28.655616 ] }
Received update_location: {"userId":"6925a711b24faa6d8d02331f","lat":28.476238699970168,"lng":77.51123481895975}
User updated: {
  type: 'Point',
  coordinates: [ 77.51123481895975, 28.476238699970168 ]
}
Emitting to donor 6925a711b24faa6d8d02331f
Emitting to donor 6925f37ac8bbec9ad6269733
Emitting to donor 6925fc7f342c25f3207cbb59
Emitting to donor 6925b936975c8d734dc0e87e
Received update_location: {"userId":"6925a711b24faa6d8d02331f","lat":28.4761266,"lng":77.5114543}
User updated: { type: 'Point', coordinates: [ 77.5114543, 28.4761266 ] }
Received update_location: {"userId":"6925a711b24faa6d8d02331f","lat":28.4761266,"lng":77.5114543}
User updated: { type: 'Point', coordinates: [ 77.5114543, 28.4761266 ] }
Received update_location: {"userId":"6925a711b24faa6d8d02331f","lat":28.4761266,"lng":77.5114543}
User updated: { type: 'Point', coordinates: [ 77.5114543, 28.4761266 ] }
Received update_location: {"userId":"6925a711b24faa6d8d02331f","lat":28.4761266,"lng":77.5114543}
User updated: { type: 'Point', coordinates: [ 77.5114543, 28.4761266 ] }
Received update_location: {"userId":"6925a711b24faa6d8d02331f","lat":28.4761266,"lng":77.5114543}
User updated: { type: 'Point', coordinates: [ 77.5114543, 28.4761266 ] }
Received update_location: {"userId":"6925a711b24faa6d8d02331f","lat":28.4761426,"lng":77.5114545}
User updated: { type: 'Point', coordinates: [ 77.5114545, 28.4761426 ] }
Received update_location: {"userId":"6925a711b24faa6d8d02331f","lat":28.4761426,"lng":77.5114545}
User updated: { type: 'Point', coordinates: [ 77.5114545, 28.4761426 ] }
Received update_location: {"userId":"6925a711b24faa6d8d02331f","lat":28.4761426,"lng":77.5114545}
User updated: { type: 'Point', coordinates: [ 77.5114545, 28.4761426 ] }
Received update_location: {"userId":"6925a711b24faa6d8d02331f","lat":28.4761426,"lng":77.5114545}
User updated: { type: 'Point', coordinates: [ 77.5114545, 28.4761426 ] }
Received update_location: {"userId":"6925a711b24faa6d8d02331f","lat":28.4760542,"lng":77.5114561}
User updated: { type: 'Point', coordinates: [ 77.5114561, 28.4760542 ] }
Received update_location: {"userId":"6925a711b24faa6d8d02331f","lat":28.4760542,"lng":77.5114561}
User updated: { type: 'Point', coordinates: [ 77.5114561, 28.4760542 ] }
Received update_location: {"userId":"6925a711b24faa6d8d02331f","lat":28.4760542,"lng":77.5114561}
User updated: { type: 'Point', coordinates: [ 77.5114561, 28.4760542 ] }
Received update_location: {"userId":"6925a711b24faa6d8d02331f","lat":28.4760542,"lng":77.5114561}
User updated: { type: 'Point', coordinates: [ 77.5114561, 28.4760542 ] }
Received update_location: {"userId":"6925a711b24faa6d8d02331f","lat":28.4760542,"lng":77.5114561}
User updated: { type: 'Point', coordinates: [ 77.5114561, 28.4760542 ] }
Received update_location: {"userId":"6925a711b24faa6d8d02331f","lat":28.655616,"lng":77.1883008}
User updated: { type: 'Point', coordinates: [ 77.1883008, 28.655616 ] }
Received update_location: {"userId":"6925a711b24faa6d8d02331f","lat":28.655616,"lng":77.1883008}
User updated: { type: 'Point', coordinates: [ 77.1883008, 28.655616 ] }
Received update_location: {"userId":"6925a711b24faa6d8d02331f","lat":28.655616,"lng":77.1883008}
User updated: { type: 'Point', coordinates: [ 77.1883008, 28.655616 ] }
Received update_location: {"userId":"6925a711b24faa6d8d02331f","lat":28.4761155,"lng":77.5114265}
User updated: { type: 'Point', coordinates: [ 77.5114265, 28.4761155 ] }
Received update_location: {"userId":"6925a711b24faa6d8d02331f","lat":28.4761155,"lng":77.5114265}
User updated: { type: 'Point', coordinates: [ 77.5114265, 28.4761155 ] }
Emitting to donor 6925f37ac8bbec9ad6269733
Emitting to donor 6925a711b24faa6d8d02331f
Emitting to donor 6925fc7f342c25f3207cbb59
Emitting to donor 6925b936975c8d734dc0e87e
Received update_location: {"userId":"6925a711b24faa6d8d02331f","lat":28.4761155,"lng":77.5114265}
User updated: { type: 'Point', coordinates: [ 77.5114265, 28.4761155 ] }
Received update_location: {"userId":"6925a711b24faa6d8d02331f","lat":28.4761155,"lng":77.5114265}
User updated: { type: 'Point', coordinates: [ 77.5114265, 28.4761155 ] }
Received update_location: {"userId":"6925a711b24faa6d8d02331f","lat":28.4761155,"lng":77.5114265}
User updated: { type: 'Point', coordinates: [ 77.5114265, 28.4761155 ] }
Received update_location: {"userId":"6925a711b24faa6d8d02331f","lat":28.4761353,"lng":77.5115003}
User updated: { type: 'Point', coordinates: [ 77.5115003, 28.4761353 ] }
Received update_location: {"userId":"6925a711b24faa6d8d02331f","lat":28.4761353,"lng":77.5115003}
User updated: { type: 'Point', coordinates: [ 77.5115003, 28.4761353 ] }
Received update_location: {"userId":"6925a711b24faa6d8d02331f","lat":28.4761353,"lng":77.5115003}
User updated: { type: 'Point', coordinates: [ 77.5115003, 28.4761353 ] }
Received update_location: {"userId":"6925a711b24faa6d8d02331f","lat":28.4761353,"lng":77.5115003}
User updated: { type: 'Point', coordinates: [ 77.5115003, 28.4761353 ] }
Emitting to donor 6925f37ac8bbec9ad6269733
Emitting to donor 6925fc7f342c25f3207cbb59
Emitting to donor 6925a711b24faa6d8d02331f
Emitting to donor 6925b936975c8d734dc0e87e
Received update_location: {"userId":"6925a711b24faa6d8d02331f","lat":28.4761313,"lng":77.5115099}
User updated: { type: 'Point', coordinates: [ 77.5115099, 28.4761313 ] }
Received update_location: {"userId":"6925a711b24faa6d8d02331f","lat":28.4761313,"lng":77.5115099}
User updated: { type: 'Point', coordinates: [ 77.5115099, 28.4761313 ] }
Received update_location: {"userId":"6925a711b24faa6d8d02331f","lat":28.4761313,"lng":77.5115099}
User updated: { type: 'Point', coordinates: [ 77.5115099, 28.4761313 ] }
Received update_location: {"userId":"6925a711b24faa6d8d02331f","lat":28.4761313,"lng":77.5115099}
User updated: { type: 'Point', coordinates: [ 77.5115099, 28.4761313 ] }
Received update_location: {"userId":"6925a711b24faa6d8d02331f","lat":28.4761313,"lng":77.5115099}
User updated: { type: 'Point', coordinates: [ 77.5115099, 28.4761313 ] }
Emitting to donor 6925f37ac8bbec9ad6269733
Emitting to donor 6925fc7f342c25f3207cbb59
Emitting to donor 6925b936975c8d734dc0e87e
Emitting to donor 6925a711b24faa6d8d02331f
Received update_location: {"userId":"6925a711b24faa6d8d02331f","lat":28.4761263,"lng":77.5114987}
User updated: { type: 'Point', coordinates: [ 77.5114987, 28.4761263 ] }
Received update_location: {"userId":"6925a711b24faa6d8d02331f","lat":28.4761263,"lng":77.5114987}
User updated: { type: 'Point', coordinates: [ 77.5114987, 28.4761263 ] }
Received update_location: {"userId":"6925a711b24faa6d8d02331f","lat":28.4761263,"lng":77.5114987}
User updated: { type: 'Point', coordinates: [ 77.5114987, 28.4761263 ] }
Received update_location: {"userId":"6925a711b24faa6d8d02331f","lat":28.4761263,"lng":77.5114987}
User updated: { type: 'Point', coordinates: [ 77.5114987, 28.4761263 ] }
Received update_location: {"userId":"6925a711b24faa6d8d02331f","lat":28.4761263,"lng":77.5114987}
User updated: { type: 'Point', coordinates: [ 77.5114987, 28.4761263 ] }
Received update_location: {"userId":"6925a711b24faa6d8d02331f","lat":28.4761263,"lng":77.5114987}
User updated: { type: 'Point', coordinates: [ 77.5114987, 28.4761263 ] }
Received update_location: {"userId":"6925a711b24faa6d8d02331f","lat":28.4761263,"lng":77.5114987}
User updated: { type: 'Point', coordinates: [ 77.5114987, 28.4761263 ] }
Received update_location: {"userId":"6925a711b24faa6d8d02331f","lat":28.4761263,"lng":77.5114987}
User updated: { type: 'Point', coordinates: [ 77.5114987, 28.4761263 ] }
Received update_location: {"userId":"6925a711b24faa6d8d02331f","lat":28.4761263,"lng":77.5114987}
User updated: { type: 'Point', coordinates: [ 77.5114987, 28.4761263 ] }
Received update_location: {"userId":"6925a711b24faa6d8d02331f","lat":28.4761263,"lng":77.5114987}
Received update_location: {"userId":"6925a711b24faa6d8d02331f","lat":28.4761263,"lng":77.5114987}
User updated: { type: 'Point', coordinates: [ 77.5114987, 28.4761263 ] }
User updated: { type: 'Point', coordinates: [ 77.5114987, 28.4761263 ] }
Received update_location: {"userId":"6925a711b24faa6d8d02331f","lat":28.4761263,"lng":77.5114987}
User updated: { type: 'Point', coordinates: [ 77.5114987, 28.4761263 ] }
Received update_location: {"userId":"6925a711b24faa6d8d02331f","lat":28.4761263,"lng":77.5114987}
User updated: { type: 'Point', coordinates: [ 77.5114987, 28.4761263 ] }
Received update_location: {"userId":"6925a711b24faa6d8d02331f","lat":28.4761263,"lng":77.5114987}
User updated: { type: 'Point', coordinates: [ 77.5114987, 28.4761263 ] }
Received update_location: {"userId":"6925a711b24faa6d8d02331f","lat":28.4761263,"lng":77.5114987}
Received update_location: {"userId":"6925a711b24faa6d8d02331f","lat":28.4761263,"lng":77.5114987}
User updated: { type: 'Point', coordinates: [ 77.5114987, 28.4761263 ] }
User updated: { type: 'Point', coordinates: [ 77.5114987, 28.4761263 ] }
Received update_location: {"userId":"6925a711b24faa6d8d02331f","lat":28.4761263,"lng":77.5114987}
User updated: { type: 'Point', coordinates: [ 77.5114987, 28.4761263 ] }
Received update_location: {"userId":"6925a711b24faa6d8d02331f","lat":28.4761263,"lng":77.5114987}
User updated: { type: 'Point', coordinates: [ 77.5114987, 28.4761263 ] }
Received update_location: {"userId":"6925a711b24faa6d8d02331f","lat":28.4761263,"lng":77.5114987}
User updated: { type: 'Point', coordinates: [ 77.5114987, 28.4761263 ] }
Received update_location: {"userId":"6925a711b24faa6d8d02331f","lat":28.4761263,"lng":77.5114987}
User updated: { type: 'Point', coordinates: [ 77.5114987, 28.4761263 ] }
Received update_location: {"userId":"6925a711b24faa6d8d02331f","lat":28.655616,"lng":77.1883008}
User updated: { type: 'Point', coordinates: [ 77.1883008, 28.655616 ] }
Received update_location: {"userId":"6925a711b24faa6d8d02331f","lat":28.655616,"lng":77.1883008}
User updated: { type: 'Point', coordinates: [ 77.1883008, 28.655616 ] }
Received update_location: {"userId":"6925a711b24faa6d8d02331f","lat":28.655616,"lng":77.1883008}
User updated: { type: 'Point', coordinates: [ 77.1883008, 28.655616 ] }
Emitting to donor 6925a711b24faa6d8d02331f
Received update_location: {"userId":"6925a711b24faa6d8d02331f","lat":28.4761338,"lng":77.5114726}
User updated: { type: 'Point', coordinates: [ 77.5114726, 28.4761338 ] }
Received update_location: {"userId":"6925a711b24faa6d8d02331f","lat":28.4761338,"lng":77.5114726}
User updated: { type: 'Point', coordinates: [ 77.5114726, 28.4761338 ] }
Received update_location: {"userId":"6925a711b24faa6d8d02331f","lat":28.4761338,"lng":77.5114726}
User updated: { type: 'Point', coordinates: [ 77.5114726, 28.4761338 ] }
Received update_location: {"userId":"6925a711b24faa6d8d02331f","lat":28.4761741,"lng":77.5114869}
User updated: { type: 'Point', coordinates: [ 77.5114869, 28.4761741 ] }
Received update_location: {"userId":"6925a711b24faa6d8d02331f","lat":28.4761741,"lng":77.5114869}
Received update_location: {"userId":"6925a711b24faa6d8d02331f","lat":28.4761741,"lng":77.5114869}
User updated: { type: 'Point', coordinates: [ 77.5114869, 28.4761741 ] }
User updated: { type: 'Point', coordinates: [ 77.5114869, 28.4761741 ] }
Received update_location: {"userId":"6925a711b24faa6d8d02331f","lat":28.4761741,"lng":77.5114869}
Received update_location: {"userId":"6925a711b24faa6d8d02331f","lat":28.4761741,"lng":77.5114869}
User updated: { type: 'Point', coordinates: [ 77.5114869, 28.4761741 ] }
User updated: { type: 'Point', coordinates: [ 77.5114869, 28.4761741 ] }
Received update_location: {"userId":"6925a711b24faa6d8d02331f","lat":28.4761741,"lng":77.5114869}
User updated: { type: 'Point', coordinates: [ 77.5114869, 28.4761741 ] }
Received update_location: {"userId":"6925a711b24faa6d8d02331f","lat":28.4761741,"lng":77.5114869}
Received update_location: {"userId":"6925a711b24faa6d8d02331f","lat":28.4761741,"lng":77.5114869}
User updated: { type: 'Point', coordinates: [ 77.5114869, 28.4761741 ] }
User updated: { type: 'Point', coordinates: [ 77.5114869, 28.4761741 ] }
Received update_location: {"userId":"6925a711b24faa6d8d02331f","lat":28.4761741,"lng":77.5114869}
User updated: { type: 'Point', coordinates: [ 77.5114869, 28.4761741 ] }
Received update_location: {"userId":"6925a711b24faa6d8d02331f","lat":28.4761741,"lng":77.5114869}
User updated: { type: 'Point', coordinates: [ 77.5114869, 28.4761741 ] }
Received update_location: {"userId":"6925a711b24faa6d8d02331f","lat":28.4761741,"lng":77.5114869}
User updated: { type: 'Point', coordinates: [ 77.5114869, 28.4761741 ] }
Received update_location: {"userId":"6925a711b24faa6d8d02331f","lat":28.4761741,"lng":77.5114869}
Received update_location: {"userId":"6925a711b24faa6d8d02331f","lat":28.4761741,"lng":77.5114869}
User updated: { type: 'Point', coordinates: [ 77.5114869, 28.4761741 ] }
User updated: { type: 'Point', coordinates: [ 77.5114869, 28.4761741 ] }
Received update_location: {"userId":"6925a711b24faa6d8d02331f","lat":28.4761741,"lng":77.5114869}
Received update_location: {"userId":"6925a711b24faa6d8d02331f","lat":28.4761741,"lng":77.5114869}
User updated: { type: 'Point', coordinates: [ 77.5114869, 28.4761741 ] }
User updated: { type: 'Point', coordinates: [ 77.5114869, 28.4761741 ] }
Received update_location: {"userId":"6925a711b24faa6d8d02331f","lat":28.4761741,"lng":77.5114869}
User updated: { type: 'Point', coordinates: [ 77.5114869, 28.4761741 ] }
Received update_location: {"userId":"6925a711b24faa6d8d02331f","lat":28.4761741,"lng":77.5114869}
User updated: { type: 'Point', coordinates: [ 77.5114869, 28.4761741 ] }
Received update_location: {"userId":"6925b936975c8d734dc0e87e","lat":28.4761741,"lng":77.5114869}
Received update_location: {"userId":"6925b936975c8d734dc0e87e","lat":28.4761741,"lng":77.5114869}
User updated: { type: 'Point', coordinates: [ 77.5114869, 28.4761741 ] }
User updated: { type: 'Point', coordinates: [ 77.5114869, 28.4761741 ] }
Received update_location: {"userId":"6925b936975c8d734dc0e87e","lat":28.4761841,"lng":77.5114814}
User updated: { type: 'Point', coordinates: [ 77.5114814, 28.4761841 ] }
Received update_location: {"userId":"6925b936975c8d734dc0e87e","lat":28.4761841,"lng":77.5114814}
User updated: { type: 'Point', coordinates: [ 77.5114814, 28.4761841 ] }
Received update_location: {"userId":"6925b936975c8d734dc0e87e","lat":28.4761841,"lng":77.5114814}
User updated: { type: 'Point', coordinates: [ 77.5114814, 28.4761841 ] }
Received update_location: {"userId":"6925b936975c8d734dc0e87e","lat":28.4761841,"lng":77.5114814}
User updated: { type: 'Point', coordinates: [ 77.5114814, 28.4761841 ] }
Received update_location: {"userId":"6925b936975c8d734dc0e87e","lat":28.4761841,"lng":77.5114814}
User updated: { type: 'Point', coordinates: [ 77.5114814, 28.4761841 ] }
Received update_location: {"userId":"6925b936975c8d734dc0e87e","lat":28.4761841,"lng":77.5114814}
User updated: { type: 'Point', coordinates: [ 77.5114814, 28.4761841 ] }
Received update_location: {"userId":"6925b936975c8d734dc0e87e","lat":28.4761841,"lng":77.5114814}
User updated: { type: 'Point', coordinates: [ 77.5114814, 28.4761841 ] }
Received update_location: {"userId":"6925b936975c8d734dc0e87e","lat":28.4761841,"lng":77.5114814}
User updated: { type: 'Point', coordinates: [ 77.5114814, 28.4761841 ] }
Received update_location: {"userId":"6925b936975c8d734dc0e87e","lat":28.4761841,"lng":77.5114814}
User updated: { type: 'Point', coordinates: [ 77.5114814, 28.4761841 ] }
Received update_location: {"userId":"6925b936975c8d734dc0e87e","lat":28.4761841,"lng":77.5114814}
User updated: { type: 'Point', coordinates: [ 77.5114814, 28.4761841 ] }
Received update_location: {"userId":"6925a711b24faa6d8d02331f","lat":28.4761841,"lng":77.5114814}
Received update_location: {"userId":"6925a711b24faa6d8d02331f","lat":28.4761841,"lng":77.5114814}
User updated: { type: 'Point', coordinates: [ 77.5114814, 28.4761841 ] }
User updated: { type: 'Point', coordinates: [ 77.5114814, 28.4761841 ] }
Received update_location: {"userId":"6925a711b24faa6d8d02331f","lat":28.4761841,"lng":77.5114814}
User updated: { type: 'Point', coordinates: [ 77.5114814, 28.4761841 ] }
Received update_location: {"userId":"6925a711b24faa6d8d02331f","lat":28.4761841,"lng":77.5114814}
User updated: { type: 'Point', coordinates: [ 77.5114814, 28.4761841 ] }
Received update_location: {"userId":"6925a711b24faa6d8d02331f","lat":28.4761841,"lng":77.5114814}
User updated: { type: 'Point', coordinates: [ 77.5114814, 28.4761841 ] }
Received update_location: {"userId":"6925a711b24faa6d8d02331f","lat":28.4761841,"lng":77.5114814}
User updated: { type: 'Point', coordinates: [ 77.5114814, 28.4761841 ] }
Received update_location: {"userId":"6925a711b24faa6d8d02331f","lat":28.4761841,"lng":77.5114814}
Received update_location: {"userId":"6925a711b24faa6d8d02331f","lat":28.4761841,"lng":77.5114814}
User updated: { type: 'Point', coordinates: [ 77.5114814, 28.4761841 ] }
User updated: { type: 'Point', coordinates: [ 77.5114814, 28.4761841 ] }
Received update_location: {"userId":"6925a711b24faa6d8d02331f","lat":28.4761841,"lng":77.5114814}
User updated: { type: 'Point', coordinates: [ 77.5114814, 28.4761841 ] }
Received update_location: {"userId":"6925b936975c8d734dc0e87e","lat":28.4761841,"lng":77.5114814}
User updated: { type: 'Point', coordinates: [ 77.5114814, 28.4761841 ] }
Received update_location: {"userId":"6925b936975c8d734dc0e87e","lat":28.4761841,"lng":77.5114814}
User updated: { type: 'Point', coordinates: [ 77.5114814, 28.4761841 ] }
Received update_location: {"userId":"6925a711b24faa6d8d02331f","lat":28.4761841,"lng":77.5114814}
Received update_location: {"userId":"6925a711b24faa6d8d02331f","lat":28.4761841,"lng":77.5114814}
User updated: { type: 'Point', coordinates: [ 77.5114814, 28.4761841 ] }
User updated: { type: 'Point', coordinates: [ 77.5114814, 28.4761841 ] }
Received update_location: {"userId":"6925a711b24faa6d8d02331f","lat":28.4761841,"lng":77.5114814}
User updated: { type: 'Point', coordinates: [ 77.5114814, 28.4761841 ] }
Received update_location: {"userId":"6925a711b24faa6d8d02331f","lat":28.4761841,"lng":77.5114814}
User updated: { type: 'Point', coordinates: [ 77.5114814, 28.4761841 ] }
Received update_location: {"userId":"6925a711b24faa6d8d02331f","lat":28.4761841,"lng":77.5114814}
User updated: { type: 'Point', coordinates: [ 77.5114814, 28.4761841 ] }
Received update_location: {"userId":"6925a711b24faa6d8d02331f","lat":28.4761841,"lng":77.5114814}
Received update_location: {"userId":"6925a711b24faa6d8d02331f","lat":28.4761841,"lng":77.5114814}
User updated: { type: 'Point', coordinates: [ 77.5114814, 28.4761841 ] }
User updated: { type: 'Point', coordinates: [ 77.5114814, 28.4761841 ] }
Received update_location: {"userId":"6925a711b24faa6d8d02331f","lat":28.4761841,"lng":77.5114814}
User updated: { type: 'Point', coordinates: [ 77.5114814, 28.4761841 ] }
Received update_location: {"userId":"6925a711b24faa6d8d02331f","lat":28.4761841,"lng":77.5114814}
Received update_location: {"userId":"6925a711b24faa6d8d02331f","lat":28.4761841,"lng":77.5114814}
User updated: { type: 'Point', coordinates: [ 77.5114814, 28.4761841 ] }
User updated: { type: 'Point', coordinates: [ 77.5114814, 28.4761841 ] }
Received update_location: {"userId":"6925a711b24faa6d8d02331f","lat":28.4761841,"lng":77.5114814}
Received update_location: {"userId":"6925a711b24faa6d8d02331f","lat":28.4761841,"lng":77.5114814}
User updated: { type: 'Point', coordinates: [ 77.5114814, 28.4761841 ] }
User updated: { type: 'Point', coordinates: [ 77.5114814, 28.4761841 ] }
Received update_location: {"userId":"6925a711b24faa6d8d02331f","lat":28.4761841,"lng":77.5114814}
Received update_location: {"userId":"6925a711b24faa6d8d02331f","lat":28.4761841,"lng":77.5114814}
User updated: { type: 'Point', coordinates: [ 77.5114814, 28.4761841 ] }
User updated: { type: 'Point', coordinates: [ 77.5114814, 28.4761841 ] }
Received update_location: {"userId":"6925a711b24faa6d8d02331f","lat":28.4761841,"lng":77.5114814}
User updated: { type: 'Point', coordinates: [ 77.5114814, 28.4761841 ] }
Received update_location: {"userId":"6925b936975c8d734dc0e87e","lat":28.4761841,"lng":77.5114814}
User updated: { type: 'Point', coordinates: [ 77.5114814, 28.4761841 ] }
Received update_location: {"userId":"6925b936975c8d734dc0e87e","lat":28.4761841,"lng":77.5114814}
Received update_location: {"userId":"6925b936975c8d734dc0e87e","lat":28.4761841,"lng":77.5114814}
User updated: { type: 'Point', coordinates: [ 77.5114814, 28.4761841 ] }
User updated: { type: 'Point', coordinates: [ 77.5114814, 28.4761841 ] }
Received update_location: {"userId":"6925b936975c8d734dc0e87e","lat":28.4761333,"lng":77.5114969}
User updated: { type: 'Point', coordinates: [ 77.5114969, 28.4761333 ] }
Received update_location: {"userId":"6925b936975c8d734dc0e87e","lat":28.4761333,"lng":77.5114969}
Received update_location: {"userId":"6925b936975c8d734dc0e87e","lat":28.4761333,"lng":77.5114969}
User updated: { type: 'Point', coordinates: [ 77.5114969, 28.4761333 ] }
User updated: { type: 'Point', coordinates: [ 77.5114969, 28.4761333 ] }
Received update_location: {"userId":"6925b936975c8d734dc0e87e","lat":28.4761333,"lng":77.5114969}
Received update_location: {"userId":"6925b936975c8d734dc0e87e","lat":28.4761333,"lng":77.5114969}
User updated: { type: 'Point', coordinates: [ 77.5114969, 28.4761333 ] }
User updated: { type: 'Point', coordinates: [ 77.5114969, 28.4761333 ] }
Received update_location: {"userId":"6925a711b24faa6d8d02331f","lat":28.4761333,"lng":77.5114969}
Received update_location: {"userId":"6925a711b24faa6d8d02331f","lat":28.4761333,"lng":77.5114969}
User updated: { type: 'Point', coordinates: [ 77.5114969, 28.4761333 ] }
User updated: { type: 'Point', coordinates: [ 77.5114969, 28.4761333 ] }
Received update_location: {"userId":"6925a711b24faa6d8d02331f","lat":28.4761296,"lng":77.5115018}
User updated: { type: 'Point', coordinates: [ 77.5115018, 28.4761296 ] }
Received update_location: {"userId":"6925a711b24faa6d8d02331f","lat":28.4761296,"lng":77.5115018}
User updated: { type: 'Point', coordinates: [ 77.5115018, 28.4761296 ] }
Received update_location: {"userId":"6925a711b24faa6d8d02331f","lat":28.4761296,"lng":77.5115018}
Received update_location: {"userId":"6925a711b24faa6d8d02331f","lat":28.4761296,"lng":77.5115018}
User updated: { type: 'Point', coordinates: [ 77.5115018, 28.4761296 ] }
User updated: { type: 'Point', coordinates: [ 77.5115018, 28.4761296 ] }
Received update_location: {"userId":"6925a711b24faa6d8d02331f","lat":28.4761296,"lng":77.5115018}
Received update_location: {"userId":"6925a711b24faa6d8d02331f","lat":28.4761296,"lng":77.5115018}
User updated: { type: 'Point', coordinates: [ 77.5115018, 28.4761296 ] }
User updated: { type: 'Point', coordinates: [ 77.5115018, 28.4761296 ] }
Received update_location: {"userId":"6925a711b24faa6d8d02331f","lat":28.4761296,"lng":77.5115018}
User updated: { type: 'Point', coordinates: [ 77.5115018, 28.4761296 ] }
Received update_location: {"userId":"6925a711b24faa6d8d02331f","lat":28.4761296,"lng":77.5115018}
User updated: { type: 'Point', coordinates: [ 77.5115018, 28.4761296 ] }
Received update_location: {"userId":"6925a711b24faa6d8d02331f","lat":28.4761296,"lng":77.5115018}
User updated: { type: 'Point', coordinates: [ 77.5115018, 28.4761296 ] }
Emitting to donor 6925f37ac8bbec9ad6269733
Emitting to donor 6925fc7f342c25f3207cbb59
Emitting to donor 6925b936975c8d734dc0e87e
Emitting to donor 6925a711b24faa6d8d02331f
Received update_location: {"userId":"6925a711b24faa6d8d02331f","lat":28.4761296,"lng":77.5115018}
User updated: { type: 'Point', coordinates: [ 77.5115018, 28.4761296 ] }
Received update_location: {"userId":"6925a711b24faa6d8d02331f","lat":28.4761296,"lng":77.5115018}
User updated: { type: 'Point', coordinates: [ 77.5115018, 28.4761296 ] }
Received update_location: {"userId":"6925a711b24faa6d8d02331f","lat":28.4761296,"lng":77.5115018}
User updated: { type: 'Point', coordinates: [ 77.5115018, 28.4761296 ] }
Emitting to donor 6925f37ac8bbec9ad6269733
Emitting to donor 6925fc7f342c25f3207cbb59
Emitting to donor 6925b936975c8d734dc0e87e
Emitting to donor 6925a711b24faa6d8d02331f
Received update_location: {"userId":"6925a711b24faa6d8d02331f","lat":28.4761296,"lng":77.5115018}
User updated: { type: 'Point', coordinates: [ 77.5115018, 28.4761296 ] }
Received update_location: {"userId":"6925a711b24faa6d8d02331f","lat":28.4761296,"lng":77.5115018}
Received update_location: {"userId":"6925a711b24faa6d8d02331f","lat":28.4761296,"lng":77.5115018}
User updated: { type: 'Point', coordinates: [ 77.5115018, 28.4761296 ] }
User updated: { type: 'Point', coordinates: [ 77.5115018, 28.4761296 ] }
Received update_location: {"userId":"6925b936975c8d734dc0e87e","lat":28.4761296,"lng":77.5115018}
User updated: { type: 'Point', coordinates: [ 77.5115018, 28.4761296 ] }
Received update_location: {"userId":"6925a711b24faa6d8d02331f","lat":28.4761296,"lng":77.5115018}
User updated: { type: 'Point', coordinates: [ 77.5115018, 28.4761296 ] }
Received update_location: {"userId":"6925a711b24faa6d8d02331f","lat":28.4761296,"lng":77.5115018}
User updated: { type: 'Point', coordinates: [ 77.5115018, 28.4761296 ] }
Received update_location: {"userId":"6925a711b24faa6d8d02331f","lat":28.4761296,"lng":77.5115018}
User updated: { type: 'Point', coordinates: [ 77.5115018, 28.4761296 ] }
Received update_location: {"userId":"6925a711b24faa6d8d02331f","lat":28.4761296,"lng":77.5115018}
User updated: { type: 'Point', coordinates: [ 77.5115018, 28.4761296 ] }
Received update_location: {"userId":"6925a711b24faa6d8d02331f","lat":28.4761296,"lng":77.5115018}
User updated: { type: 'Point', coordinates: [ 77.5115018, 28.4761296 ] }
Received update_location: {"userId":"6925a711b24faa6d8d02331f","lat":28.4761296,"lng":77.5115018}
Received update_location: {"userId":"6925a711b24faa6d8d02331f","lat":28.4761296,"lng":77.5115018}
User updated: { type: 'Point', coordinates: [ 77.5115018, 28.4761296 ] }
User updated: { type: 'Point', coordinates: [ 77.5115018, 28.4761296 ] }
Received update_location: {"userId":"6925a711b24faa6d8d02331f","lat":28.4761296,"lng":77.5115018}
User updated: { type: 'Point', coordinates: [ 77.5115018, 28.4761296 ] }
Received update_location: {"userId":"6925a711b24faa6d8d02331f","lat":28.4761296,"lng":77.5115018}
User updated: { type: 'Point', coordinates: [ 77.5115018, 28.4761296 ] }
Received update_location: {"userId":"6925a711b24faa6d8d02331f","lat":28.4761296,"lng":77.5115018}
Received update_location: {"userId":"6925a711b24faa6d8d02331f","lat":28.4761296,"lng":77.5115018}
User updated: { type: 'Point', coordinates: [ 77.5115018, 28.4761296 ] }
User updated: { type: 'Point', coordinates: [ 77.5115018, 28.4761296 ] }
Received update_location: {"userId":"6925b936975c8d734dc0e87e","lat":28.4761296,"lng":77.5115018}
Received update_location: {"userId":"6925b936975c8d734dc0e87e","lat":28.4761296,"lng":77.5115018}
User updated: { type: 'Point', coordinates: [ 77.5115018, 28.4761296 ] }
User updated: { type: 'Point', coordinates: [ 77.5115018, 28.4761296 ] }
Received update_location: {"userId":"6925b936975c8d734dc0e87e","lat":28.4761296,"lng":77.5115018}
User updated: { type: 'Point', coordinates: [ 77.5115018, 28.4761296 ] }
Emitting to donor 6925f37ac8bbec9ad6269733
Emitting to donor 6925fc7f342c25f3207cbb59
Emitting to donor 6925a711b24faa6d8d02331f
Emitting to donor 6925b936975c8d734dc0e87e
Received update_location: {"userId":"6925b936975c8d734dc0e87e","lat":28.4761345,"lng":77.5114993}
User updated: { type: 'Point', coordinates: [ 77.5114993, 28.4761345 ] }
Received update_location: {"userId":"6925b936975c8d734dc0e87e","lat":28.4761345,"lng":77.5114993}
Received update_location: {"userId":"6925b936975c8d734dc0e87e","lat":28.4761345,"lng":77.5114993}
User updated: { type: 'Point', coordinates: [ 77.5114993, 28.4761345 ] }
User updated: { type: 'Point', coordinates: [ 77.5114993, 28.4761345 ] }
Received update_location: {"userId":"6925b936975c8d734dc0e87e","lat":28.4761345,"lng":77.5114993}
User updated: { type: 'Point', coordinates: [ 77.5114993, 28.4761345 ] }
Received update_location: {"userId":"6925a711b24faa6d8d02331f","lat":28.4761345,"lng":77.5114993}
User updated: { type: 'Point', coordinates: [ 77.5114993, 28.4761345 ] }
Received update_location: {"userId":"6925a711b24faa6d8d02331f","lat":28.4761345,"lng":77.5114993}
Received update_location: {"userId":"6925a711b24faa6d8d02331f","lat":28.4761345,"lng":77.5114993}
User updated: { type: 'Point', coordinates: [ 77.5114993, 28.4761345 ] }
User updated: { type: 'Point', coordinates: [ 77.5114993, 28.4761345 ] }
Emitting to donor 6925f37ac8bbec9ad6269733
Emitting to donor 6925fc7f342c25f3207cbb59
Emitting to donor 6925a711b24faa6d8d02331f
Emitting to donor 6925b936975c8d734dc0e87e
Received update_location: {"userId":"6925a711b24faa6d8d02331f","lat":28.4761345,"lng":77.5114993}
User updated: { type: 'Point', coordinates: [ 77.5114993, 28.4761345 ] }
Received update_location: {"userId":"6925a711b24faa6d8d02331f","lat":28.4761345,"lng":77.5114993}
User updated: { type: 'Point', coordinates: [ 77.5114993, 28.4761345 ] }
Received update_location: {"userId":"6925a711b24faa6d8d02331f","lat":28.4761342,"lng":77.511509}
User updated: { type: 'Point', coordinates: [ 77.511509, 28.4761342 ] }
Received update_location: {"userId":"6925a711b24faa6d8d02331f","lat":28.4761342,"lng":77.511509}
User updated: { type: 'Point', coordinates: [ 77.511509, 28.4761342 ] }
Received update_location: {"userId":"6925a711b24faa6d8d02331f","lat":28.4761342,"lng":77.511509}
Received update_location: {"userId":"6925a711b24faa6d8d02331f","lat":28.4761342,"lng":77.511509}
User updated: { type: 'Point', coordinates: [ 77.511509, 28.4761342 ] }
User updated: { type: 'Point', coordinates: [ 77.511509, 28.4761342 ] }
Received update_location: {"userId":"6925a711b24faa6d8d02331f","lat":28.4761342,"lng":77.511509}
User updated: { type: 'Point', coordinates: [ 77.511509, 28.4761342 ] }
Received update_location: {"userId":"6925a711b24faa6d8d02331f","lat":28.4761342,"lng":77.511509}
User updated: { type: 'Point', coordinates: [ 77.511509, 28.4761342 ] }
Emitting to donor 6925f37ac8bbec9ad6269733
Emitting to donor 6925fc7f342c25f3207cbb59
Emitting to donor 6925b936975c8d734dc0e87e
Emitting to donor 6925a711b24faa6d8d02331f
Received update_location: {"userId":"6925a711b24faa6d8d02331f","lat":28.4761408,"lng":77.5115027}
User updated: { type: 'Point', coordinates: [ 77.5115027, 28.4761408 ] }
Received update_location: {"userId":"6925a711b24faa6d8d02331f","lat":28.4761408,"lng":77.5115027}
User updated: { type: 'Point', coordinates: [ 77.5115027, 28.4761408 ] }
Received update_location: {"userId":"6925a711b24faa6d8d02331f","lat":28.4761408,"lng":77.5115027}
User updated: { type: 'Point', coordinates: [ 77.5115027, 28.4761408 ] }
Received update_location: {"userId":"6925a711b24faa6d8d02331f","lat":28.4761408,"lng":77.5115027}
User updated: { type: 'Point', coordinates: [ 77.5115027, 28.4761408 ] }
Received update_location: {"userId":"6925a711b24faa6d8d02331f","lat":28.4761408,"lng":77.5115027}
User updated: { type: 'Point', coordinates: [ 77.5115027, 28.4761408 ] }
Received update_location: {"userId":"6925a711b24faa6d8d02331f","lat":28.655616,"lng":77.1883008}
User updated: { type: 'Point', coordinates: [ 77.1883008, 28.655616 ] }
Received update_location: {"userId":"69266cbaf0d4093385458aee","lat":28.476336301238494,"lng":77.51135042312417}
User updated: {
  type: 'Point',
  coordinates: [ 77.51135042312417, 28.476336301238494 ]
}
Received update_location: {"userId":"6925a711b24faa6d8d02331f","lat":28.47628232964025,"lng":77.51122311344656}
User updated: {
  type: 'Point',
  coordinates: [ 77.51122311344656, 28.47628232964025 ]
}
Received update_location: {"userId":"6925a711b24faa6d8d02331f","lat":28.476264100060416,"lng":77.51127917222648}
User updated: {
  type: 'Point',
  coordinates: [ 77.51127917222648, 28.476264100060416 ]
}
Received update_location: {"userId":"6925a711b24faa6d8d02331f","lat":28.655616,"lng":77.1883008}
User updated: { type: 'Point', coordinates: [ 77.1883008, 28.655616 ] }
Received update_location: {"userId":"6925a711b24faa6d8d02331f","lat":28.655616,"lng":77.1883008}
User updated: { type: 'Point', coordinates: [ 77.1883008, 28.655616 ] }
Received update_location: {"userId":"6925a711b24faa6d8d02331f","lat":28.655616,"lng":77.1883008}
User updated: { type: 'Point', coordinates: [ 77.1883008, 28.655616 ] }
Received update_location: {"userId":"6925a711b24faa6d8d02331f","lat":28.655616,"lng":77.1883008}
User updated: { type: 'Point', coordinates: [ 77.1883008, 28.655616 ] }
Received update_location: {"userId":"6925a711b24faa6d8d02331f","lat":28.655616,"lng":77.1883008}
User updated: { type: 'Point', coordinates: [ 77.1883008, 28.655616 ] }
Received update_location: {"userId":"6925a711b24faa6d8d02331f","lat":28.655616,"lng":77.1883008}
User updated: { type: 'Point', coordinates: [ 77.1883008, 28.655616 ] }
Received update_location: {"userId":"6925a711b24faa6d8d02331f","lat":28.655616,"lng":77.1883008}
User updated: { type: 'Point', coordinates: [ 77.1883008, 28.655616 ] }
Received update_location: {"userId":"6925a711b24faa6d8d02331f","lat":28.655616,"lng":77.1883008}
User updated: { type: 'Point', coordinates: [ 77.1883008, 28.655616 ] }
Received update_location: {"userId":"6925a711b24faa6d8d02331f","lat":28.655616,"lng":77.1883008}
User updated: { type: 'Point', coordinates: [ 77.1883008, 28.655616 ] }
Received update_location: {"userId":"6925a711b24faa6d8d02331f","lat":28.655616,"lng":77.1883008}
Received update_location: {"userId":"6925a711b24faa6d8d02331f","lat":28.655616,"lng":77.1883008}
User updated: { type: 'Point', coordinates: [ 77.1883008, 28.655616 ] }
User updated: { type: 'Point', coordinates: [ 77.1883008, 28.655616 ] }
Received update_location: {"userId":"6925a711b24faa6d8d02331f","lat":28.655616,"lng":77.1883008}
User updated: { type: 'Point', coordinates: [ 77.1883008, 28.655616 ] }
Received update_location: {"userId":"6925a711b24faa6d8d02331f","lat":28.655616,"lng":77.1883008}
User updated: { type: 'Point', coordinates: [ 77.1883008, 28.655616 ] }
Received update_location: {"userId":"6925a711b24faa6d8d02331f","lat":28.655616,"lng":77.1883008}
User updated: { type: 'Point', coordinates: [ 77.1883008, 28.655616 ] }
Received update_location: {"userId":"6925a711b24faa6d8d02331f","lat":28.655616,"lng":77.1883008}
User updated: { type: 'Point', coordinates: [ 77.1883008, 28.655616 ] }
Received update_location: {"userId":"6925a711b24faa6d8d02331f","lat":28.655616,"lng":77.1883008}
Received update_location: {"userId":"6925a711b24faa6d8d02331f","lat":28.655616,"lng":77.1883008}
User updated: { type: 'Point', coordinates: [ 77.1883008, 28.655616 ] }
User updated: { type: 'Point', coordinates: [ 77.1883008, 28.655616 ] }
Received update_location: {"userId":"6925a711b24faa6d8d02331f","lat":28.655616,"lng":77.1883008}
User updated: { type: 'Point', coordinates: [ 77.1883008, 28.655616 ] }
Received update_location: {"userId":"6925a711b24faa6d8d02331f","lat":28.476222526970954,"lng":77.51124709635775}
User updated: {
  type: 'Point',
  coordinates: [ 77.51124709635775, 28.476222526970954 ]
}
Emitting to donor 6925f37ac8bbec9ad6269733
Emitting to donor 6925a711b24faa6d8d02331f
Emitting to donor 69266cbaf0d4093385458aee
Emitting to donor 6925fc7f342c25f3207cbb59
Emitting to donor 6925b936975c8d734dc0e87e
Received update_location: {"userId":"6925a711b24faa6d8d02331f","lat":28.476251369298165,"lng":77.5112613611473}
User updated: {
  type: 'Point',
  coordinates: [ 77.5112613611473, 28.476251369298165 ]
}
Received update_location: {"userId":"6925a711b24faa6d8d02331f","lat":28.476279510344447,"lng":77.511279185643}
User updated: { type: 'Point', coordinates: [ 77.511279185643, 28.476279510344447 ] }
Received update_location: {"userId":"6925b936975c8d734dc0e87e","lat":28.476279510344447,"lng":77.511279185643}
User updated: { type: 'Point', coordinates: [ 77.511279185643, 28.476279510344447 ] }
Emitting to donor 6925a711b24faa6d8d02331f
Emitting to donor 6925b936975c8d734dc0e87e
Emitting to donor 69266cbaf0d4093385458aee
Emitting to donor 6925f37ac8bbec9ad6269733
Emitting to donor 6925fc7f342c25f3207cbb59
Received update_location: {"userId":"6925a711b24faa6d8d02331f","lat":28.476297935277,"lng":77.51128373531166}
User updated: { type: 'Point', coordinates: [ 77.51128373531166, 28.476297935277 ] }
Received update_location: {"userId":"6925f4cfa41f34df277ceb09","lat":28.476297935277,"lng":77.51128373531166}
User updated: { type: 'Point', coordinates: [ 77.51128373531166, 28.476297935277 ] }
Received update_location: {"userId":"6925f4cfa41f34df277ceb09","lat":28.476297935277,"lng":77.51128373531166}
User updated: { type: 'Point', coordinates: [ 77.51128373531166, 28.476297935277 ] }
Received update_location: {"userId":"6925f37ac8bbec9ad6269733","lat":28.476297935277,"lng":77.51128373531166}
User updated: { type: 'Point', coordinates: [ 77.51128373531166, 28.476297935277 ] }
Emitting to donor 6925a711b24faa6d8d02331f
Emitting to donor 6925f37ac8bbec9ad6269733
Emitting to donor 6925f4cfa41f34df277ceb09
Emitting to donor 6925b936975c8d734dc0e87e
Emitting to donor 69266cbaf0d4093385458aee
Emitting to donor 6925fc7f342c25f3207cbb59
